01:59:29:226  INFO 35504 --- [main] com.hmall.item.ItemApplication           : Starting ItemApplication using Java 11.0.21 on DESKTOP-MVVTE8A with PID 35504 (C:\Users\qjy\Desktop\WorkSpace\Distributed-framework-learning-for-Java\04springcloud\hmall\item-service\target\classes started by qjy in C:\Users\qjy\Desktop\WorkSpace\Distributed-framework-learning-for-Java\04springcloud\hmall)
01:59:29:238 DEBUG 35504 --- [main] com.hmall.item.ItemApplication           : Running with Spring Boot v2.7.12, Spring v5.3.27
01:59:29:239  INFO 35504 --- [main] com.hmall.item.ItemApplication           : The following 1 profile is active: "local"
01:59:32:004  INFO 35504 --- [main] o.s.cloud.context.scope.GenericScope     : BeanFactory id=5db08dbb-5091-3258-a13a-391d84e06a08
01:59:32:839  INFO 35504 --- [main] o.s.b.w.embedded.tomcat.TomcatWebServer  : Tomcat initialized with port(s): 8081 (http)
01:59:32:861  INFO 35504 --- [main] o.apache.catalina.core.StandardService   : Starting service [Tomcat]
01:59:32:862  INFO 35504 --- [main] org.apache.catalina.core.StandardEngine  : Starting Servlet engine: [Apache Tomcat/9.0.75]
01:59:33:203  INFO 35504 --- [main] o.a.c.c.C.[Tomcat].[localhost].[/]       : Initializing Spring embedded WebApplicationContext
01:59:33:204  INFO 35504 --- [main] w.s.c.ServletWebServerApplicationContext : Root WebApplicationContext: initialization completed in 3868 ms
01:59:34:246  INFO 14752 --- [main] com.hmall.item.ItemApplication           : Starting ItemApplication using Java 11.0.21 on DESKTOP-MVVTE8A with PID 14752 (C:\Users\qjy\Desktop\WorkSpace\Distributed-framework-learning-for-Java\04springcloud\hmall\item-service\target\classes started by qjy in C:\Users\qjy\Desktop\WorkSpace\Distributed-framework-learning-for-Java\04springcloud\hmall)
01:59:34:251 DEBUG 14752 --- [main] com.hmall.item.ItemApplication           : Running with Spring Boot v2.7.12, Spring v5.3.27
01:59:34:252  INFO 14752 --- [main] com.hmall.item.ItemApplication           : The following 1 profile is active: "local"
01:59:36:803  INFO 14752 --- [main] o.s.cloud.context.scope.GenericScope     : BeanFactory id=5db08dbb-5091-3258-a13a-391d84e06a08
01:59:37:121  INFO 35504 --- [main] pertySourcedRequestMappingHandlerMapping : Mapped URL path [/v2/api-docs] onto method [springfox.documentation.swagger2.web.Swagger2ControllerWebMvc#getDocumentation(String, HttpServletRequest)]
01:59:37:708  INFO 14752 --- [main] o.s.b.w.embedded.tomcat.TomcatWebServer  : Tomcat initialized with port(s): 8083 (http)
01:59:37:731  INFO 14752 --- [main] o.apache.catalina.core.StandardService   : Starting service [Tomcat]
01:59:37:732  INFO 14752 --- [main] org.apache.catalina.core.StandardEngine  : Starting Servlet engine: [Apache Tomcat/9.0.75]
01:59:38:007  INFO 14752 --- [main] o.a.c.c.C.[Tomcat].[localhost].[/]       : Initializing Spring embedded WebApplicationContext
01:59:38:008  INFO 14752 --- [main] w.s.c.ServletWebServerApplicationContext : Root WebApplicationContext: initialization completed in 3678 ms
01:59:38:219  INFO 35504 --- [main] com.alibaba.nacos.common.remote.client   : [RpcClientFactory] create a new rpc client of 8f9087eb-3902-461f-9e4f-7b3e64a2db39
01:59:38:317  INFO 35504 --- [main] org.reflections.Reflections              : Reflections took 51 ms to scan 1 urls, producing 3 keys and 6 values 
01:59:38:375  INFO 35504 --- [main] org.reflections.Reflections              : Reflections took 14 ms to scan 1 urls, producing 4 keys and 9 values 
01:59:38:396  INFO 35504 --- [main] org.reflections.Reflections              : Reflections took 12 ms to scan 1 urls, producing 3 keys and 10 values 
01:59:38:406  WARN 35504 --- [main] org.reflections.Reflections              : given scan urls are empty. set urls in the configuration
01:59:38:418  INFO 35504 --- [main] org.reflections.Reflections              : Reflections took 10 ms to scan 1 urls, producing 1 keys and 5 values 
01:59:38:437  INFO 35504 --- [main] org.reflections.Reflections              : Reflections took 12 ms to scan 1 urls, producing 1 keys and 7 values 
01:59:38:456  INFO 35504 --- [main] org.reflections.Reflections              : Reflections took 11 ms to scan 1 urls, producing 2 keys and 8 values 
01:59:38:463  WARN 35504 --- [main] org.reflections.Reflections              : given scan urls are empty. set urls in the configuration
01:59:38:466  INFO 35504 --- [main] com.alibaba.nacos.common.remote.client   : [8f9087eb-3902-461f-9e4f-7b3e64a2db39] RpcClient init label, labels = {module=naming, source=sdk}
01:59:38:470  INFO 35504 --- [main] com.alibaba.nacos.common.remote.client   : [8f9087eb-3902-461f-9e4f-7b3e64a2db39] RpcClient init, ServerListFactory = com.alibaba.nacos.client.naming.core.ServerListManager
01:59:38:470  INFO 35504 --- [main] com.alibaba.nacos.common.remote.client   : [8f9087eb-3902-461f-9e4f-7b3e64a2db39] Registry connection listener to current client:com.alibaba.nacos.client.naming.remote.gprc.redo.NamingGrpcRedoService
01:59:38:471  INFO 35504 --- [main] com.alibaba.nacos.common.remote.client   : [8f9087eb-3902-461f-9e4f-7b3e64a2db39] Register server push request handler:com.alibaba.nacos.client.naming.remote.gprc.NamingPushRequestHandler
01:59:38:476  INFO 35504 --- [main] com.alibaba.nacos.common.remote.client   : [8f9087eb-3902-461f-9e4f-7b3e64a2db39] Try to connect to server on start up, server: {serverIp = '192.168.238.145', server main port = 8848}
01:59:41:109  INFO 35504 --- [main] com.alibaba.nacos.common.remote.client   : [8f9087eb-3902-461f-9e4f-7b3e64a2db39] Success to connect to server [192.168.238.145:8848] on start up, connectionId = 1710439181087_192.168.238.1_2072
01:59:41:110  INFO 35504 --- [com.alibaba.nacos.client.remote.worker] com.alibaba.nacos.common.remote.client   : [8f9087eb-3902-461f-9e4f-7b3e64a2db39] Notify connected event to listeners.
01:59:41:112  INFO 35504 --- [main] com.alibaba.nacos.common.remote.client   : [8f9087eb-3902-461f-9e4f-7b3e64a2db39] Register server push request handler:com.alibaba.nacos.common.remote.client.RpcClient$ConnectResetRequestHandler
01:59:41:113  INFO 35504 --- [main] com.alibaba.nacos.common.remote.client   : [8f9087eb-3902-461f-9e4f-7b3e64a2db39] Register server push request handler:com.alibaba.nacos.common.remote.client.RpcClient$$Lambda$937/0x0000000800717c40
01:59:41:253  INFO 35504 --- [main] o.s.b.w.embedded.tomcat.TomcatWebServer  : Tomcat started on port(s): 8081 (http) with context path ''
01:59:41:273  INFO 35504 --- [main] c.a.c.n.registry.NacosServiceRegistry    : nacos registry, DEFAULT_GROUP item-service 192.168.238.1:8081 register finished
01:59:41:587  INFO 14752 --- [main] pertySourcedRequestMappingHandlerMapping : Mapped URL path [/v2/api-docs] onto method [springfox.documentation.swagger2.web.Swagger2ControllerWebMvc#getDocumentation(String, HttpServletRequest)]
01:59:41:678  INFO 35504 --- [nacos-grpc-client-executor-10] com.alibaba.nacos.common.remote.client   : [8f9087eb-3902-461f-9e4f-7b3e64a2db39] Receive server push request, request = NotifySubscriberRequest, requestId = 74
01:59:41:696  INFO 35504 --- [nacos-grpc-client-executor-10] com.alibaba.nacos.common.remote.client   : [8f9087eb-3902-461f-9e4f-7b3e64a2db39] Ack server push request, request = NotifySubscriberRequest, requestId = 74
01:59:41:793  INFO 35504 --- [main] d.s.w.p.DocumentationPluginsBootstrapper : Documentation plugins bootstrapped
01:59:41:800  INFO 35504 --- [main] d.s.w.p.DocumentationPluginsBootstrapper : Found 1 custom documentation plugin(s)
01:59:41:865  INFO 35504 --- [main] s.d.s.w.s.ApiListingReferenceScanner     : Scanning for api listing references
01:59:42:162  INFO 35504 --- [main] com.hmall.item.ItemApplication           : Started ItemApplication in 15.019 seconds (JVM running for 16.58)
01:59:42:628  INFO 14752 --- [main] com.alibaba.nacos.common.remote.client   : [RpcClientFactory] create a new rpc client of 3d7ce0a5-76a9-4c86-b849-c596ca995fce
01:59:42:726  INFO 14752 --- [main] org.reflections.Reflections              : Reflections took 52 ms to scan 1 urls, producing 3 keys and 6 values 
01:59:42:785  INFO 14752 --- [main] org.reflections.Reflections              : Reflections took 17 ms to scan 1 urls, producing 4 keys and 9 values 
01:59:42:803  INFO 14752 --- [main] org.reflections.Reflections              : Reflections took 11 ms to scan 1 urls, producing 3 keys and 10 values 
01:59:42:814  WARN 14752 --- [main] org.reflections.Reflections              : given scan urls are empty. set urls in the configuration
01:59:42:833  INFO 14752 --- [main] org.reflections.Reflections              : Reflections took 16 ms to scan 1 urls, producing 1 keys and 5 values 
01:59:42:853  INFO 14752 --- [main] org.reflections.Reflections              : Reflections took 13 ms to scan 1 urls, producing 1 keys and 7 values 
01:59:42:886  INFO 14752 --- [main] org.reflections.Reflections              : Reflections took 16 ms to scan 1 urls, producing 2 keys and 8 values 
01:59:42:891  WARN 14752 --- [main] org.reflections.Reflections              : given scan urls are empty. set urls in the configuration
01:59:42:894  INFO 14752 --- [main] com.alibaba.nacos.common.remote.client   : [3d7ce0a5-76a9-4c86-b849-c596ca995fce] RpcClient init label, labels = {module=naming, source=sdk}
01:59:42:899  INFO 14752 --- [main] com.alibaba.nacos.common.remote.client   : [3d7ce0a5-76a9-4c86-b849-c596ca995fce] RpcClient init, ServerListFactory = com.alibaba.nacos.client.naming.core.ServerListManager
01:59:42:900  INFO 14752 --- [main] com.alibaba.nacos.common.remote.client   : [3d7ce0a5-76a9-4c86-b849-c596ca995fce] Registry connection listener to current client:com.alibaba.nacos.client.naming.remote.gprc.redo.NamingGrpcRedoService
01:59:42:904  INFO 14752 --- [main] com.alibaba.nacos.common.remote.client   : [3d7ce0a5-76a9-4c86-b849-c596ca995fce] Register server push request handler:com.alibaba.nacos.client.naming.remote.gprc.NamingPushRequestHandler
01:59:42:912  INFO 14752 --- [main] com.alibaba.nacos.common.remote.client   : [3d7ce0a5-76a9-4c86-b849-c596ca995fce] Try to connect to server on start up, server: {serverIp = '192.168.238.145', server main port = 8848}
01:59:45:500  INFO 14752 --- [main] com.alibaba.nacos.common.remote.client   : [3d7ce0a5-76a9-4c86-b849-c596ca995fce] Success to connect to server [192.168.238.145:8848] on start up, connectionId = 1710439185502_192.168.238.1_2155
01:59:45:502  INFO 14752 --- [com.alibaba.nacos.client.remote.worker] com.alibaba.nacos.common.remote.client   : [3d7ce0a5-76a9-4c86-b849-c596ca995fce] Notify connected event to listeners.
01:59:45:503  INFO 14752 --- [main] com.alibaba.nacos.common.remote.client   : [3d7ce0a5-76a9-4c86-b849-c596ca995fce] Register server push request handler:com.alibaba.nacos.common.remote.client.RpcClient$ConnectResetRequestHandler
01:59:45:504  INFO 14752 --- [main] com.alibaba.nacos.common.remote.client   : [3d7ce0a5-76a9-4c86-b849-c596ca995fce] Register server push request handler:com.alibaba.nacos.common.remote.client.RpcClient$$Lambda$937/0x0000000800717c40
01:59:45:635  INFO 14752 --- [main] o.s.b.w.embedded.tomcat.TomcatWebServer  : Tomcat started on port(s): 8083 (http) with context path ''
01:59:45:648  INFO 14752 --- [main] c.a.c.n.registry.NacosServiceRegistry    : nacos registry, DEFAULT_GROUP item-service 192.168.238.1:8083 register finished
01:59:46:039  INFO 35504 --- [nacos-grpc-client-executor-13] com.alibaba.nacos.common.remote.client   : [8f9087eb-3902-461f-9e4f-7b3e64a2db39] Receive server push request, request = NotifySubscriberRequest, requestId = 75
01:59:46:052  INFO 35504 --- [nacos-grpc-client-executor-13] com.alibaba.nacos.common.remote.client   : [8f9087eb-3902-461f-9e4f-7b3e64a2db39] Ack server push request, request = NotifySubscriberRequest, requestId = 75
01:59:46:077  INFO 14752 --- [nacos-grpc-client-executor-8] com.alibaba.nacos.common.remote.client   : [3d7ce0a5-76a9-4c86-b849-c596ca995fce] Receive server push request, request = NotifySubscriberRequest, requestId = 76
01:59:46:097  INFO 14752 --- [nacos-grpc-client-executor-8] com.alibaba.nacos.common.remote.client   : [3d7ce0a5-76a9-4c86-b849-c596ca995fce] Ack server push request, request = NotifySubscriberRequest, requestId = 76
01:59:46:140  INFO 14752 --- [main] d.s.w.p.DocumentationPluginsBootstrapper : Documentation plugins bootstrapped
01:59:46:148  INFO 14752 --- [main] d.s.w.p.DocumentationPluginsBootstrapper : Found 1 custom documentation plugin(s)
01:59:46:212  INFO 14752 --- [main] s.d.s.w.s.ApiListingReferenceScanner     : Scanning for api listing references
01:59:46:490  INFO 14752 --- [main] com.hmall.item.ItemApplication           : Started ItemApplication in 14.022 seconds (JVM running for 15.797)
02:00:14:505  INFO 35504 --- [http-nio-8081-exec-2] o.a.c.c.C.[Tomcat].[localhost].[/]       : Initializing Spring DispatcherServlet 'dispatcherServlet'
02:00:14:506  INFO 35504 --- [http-nio-8081-exec-2] o.s.web.servlet.DispatcherServlet        : Initializing Servlet 'dispatcherServlet'
02:00:14:507  INFO 35504 --- [http-nio-8081-exec-2] o.s.web.servlet.DispatcherServlet        : Completed initialization in 1 ms
02:00:14:580  INFO 35504 --- [http-nio-8081-exec-2] com.zaxxer.hikari.HikariDataSource       : HikariPool-1 - Starting...
02:00:14:871  INFO 35504 --- [http-nio-8081-exec-2] com.zaxxer.hikari.HikariDataSource       : HikariPool-1 - Start completed.
02:00:14:879 DEBUG 35504 --- [http-nio-8081-exec-2] c.h.i.mapper.ItemMapper.selectBatchIds   : ==>  Preparing: SELECT id,name,price,stock,image,category,brand,spec,sold,comment_count,isAD,status,create_time,update_time,creater,updater FROM item WHERE id IN ( ? )
02:00:14:900 DEBUG 35504 --- [http-nio-8081-exec-2] c.h.i.mapper.ItemMapper.selectBatchIds   : ==> Parameters: 100000006163(Long)
02:00:14:926 DEBUG 35504 --- [http-nio-8081-exec-2] c.h.i.mapper.ItemMapper.selectBatchIds   : <==      Total: 1
02:00:48:134  INFO 14752 --- [http-nio-8083-exec-1] o.a.c.c.C.[Tomcat].[localhost].[/]       : Initializing Spring DispatcherServlet 'dispatcherServlet'
02:00:48:135  INFO 14752 --- [http-nio-8083-exec-1] o.s.web.servlet.DispatcherServlet        : Initializing Servlet 'dispatcherServlet'
02:00:48:136  INFO 14752 --- [http-nio-8083-exec-1] o.s.web.servlet.DispatcherServlet        : Completed initialization in 1 ms
02:00:48:256  INFO 14752 --- [http-nio-8083-exec-1] com.zaxxer.hikari.HikariDataSource       : HikariPool-1 - Starting...
02:00:48:688  INFO 14752 --- [http-nio-8083-exec-1] com.zaxxer.hikari.HikariDataSource       : HikariPool-1 - Start completed.
02:00:48:695 DEBUG 14752 --- [http-nio-8083-exec-1] c.h.i.mapper.ItemMapper.selectBatchIds   : ==>  Preparing: SELECT id,name,price,stock,image,category,brand,spec,sold,comment_count,isAD,status,create_time,update_time,creater,updater FROM item WHERE id IN ( ? )
02:00:48:714 DEBUG 14752 --- [http-nio-8083-exec-1] c.h.i.mapper.ItemMapper.selectBatchIds   : ==> Parameters: 100000006163(Long)
02:00:48:740 DEBUG 14752 --- [http-nio-8083-exec-1] c.h.i.mapper.ItemMapper.selectBatchIds   : <==      Total: 1
02:06:56:444  INFO 14752 --- [com.alibaba.nacos.client.remote.worker] com.alibaba.nacos.common.remote.client   : [3d7ce0a5-76a9-4c86-b849-c596ca995fce] Server healthy check fail, currentConnection = 1710439185502_192.168.238.1_2155
02:06:56:446  INFO 14752 --- [com.alibaba.nacos.client.remote.worker] com.alibaba.nacos.common.remote.client   : [3d7ce0a5-76a9-4c86-b849-c596ca995fce] Try to reconnect to a new server, server is  not appointed, will choose a random server.
02:06:57:010  INFO 35504 --- [com.alibaba.nacos.client.remote.worker] com.alibaba.nacos.common.remote.client   : [8f9087eb-3902-461f-9e4f-7b3e64a2db39] Server healthy check fail, currentConnection = 1710439181087_192.168.238.1_2072
02:06:57:014  INFO 35504 --- [com.alibaba.nacos.client.remote.worker] com.alibaba.nacos.common.remote.client   : [8f9087eb-3902-461f-9e4f-7b3e64a2db39] Try to reconnect to a new server, server is  not appointed, will choose a random server.
02:06:59:459 ERROR 14752 --- [com.alibaba.nacos.client.remote.worker] c.a.n.c.remote.client.grpc.GrpcClient    : Server check fail, please check server 192.168.238.145 ,port 9848 is available , error ={}

java.util.concurrent.TimeoutException: Waited 3000 milliseconds (plus 1 milliseconds, 500300 nanoseconds delay) for com.alibaba.nacos.shaded.io.grpc.stub.ClientCalls$GrpcFuture@14b6fb5a[status=PENDING, info=[GrpcFuture{clientCall={delegate={delegate=ClientCallImpl{method=MethodDescriptor{fullMethodName=Request/request, type=UNARY, idempotent=false, safe=false, sampledToLocalTracing=true, requestMarshaller=com.alibaba.nacos.shaded.io.grpc.protobuf.lite.ProtoLiteUtils$MessageMarshaller@7ad6f502, responseMarshaller=com.alibaba.nacos.shaded.io.grpc.protobuf.lite.ProtoLiteUtils$MessageMarshaller@55ce9f16, schemaDescriptor=com.alibaba.nacos.api.grpc.auto.RequestGrpc$RequestMethodDescriptorSupplier@323b7e14}}}}}]]
	at com.alibaba.nacos.shaded.com.google.common.util.concurrent.AbstractFuture.get(AbstractFuture.java:508) ~[nacos-client-2.0.4.jar:na]
	at com.alibaba.nacos.common.remote.client.grpc.GrpcClient.serverCheck(GrpcClient.java:148) ~[nacos-client-2.0.4.jar:na]
	at com.alibaba.nacos.common.remote.client.grpc.GrpcClient.connectToServer(GrpcClient.java:264) ~[nacos-client-2.0.4.jar:na]
	at com.alibaba.nacos.common.remote.client.RpcClient.reconnect(RpcClient.java:522) ~[nacos-client-2.0.4.jar:na]
	at com.alibaba.nacos.common.remote.client.RpcClient.lambda$start$2(RpcClient.java:370) ~[nacos-client-2.0.4.jar:na]
	at java.base/java.util.concurrent.Executors$RunnableAdapter.call(Executors.java:515) ~[na:na]
	at java.base/java.util.concurrent.FutureTask.run(FutureTask.java:264) ~[na:na]
	at java.base/java.util.concurrent.ScheduledThreadPoolExecutor$ScheduledFutureTask.run(ScheduledThreadPoolExecutor.java:304) ~[na:na]
	at java.base/java.util.concurrent.ThreadPoolExecutor.runWorker(ThreadPoolExecutor.java:1128) ~[na:na]
	at java.base/java.util.concurrent.ThreadPoolExecutor$Worker.run(ThreadPoolExecutor.java:628) ~[na:na]
	at java.base/java.lang.Thread.run(Thread.java:834) ~[na:na]

02:07:00:033 ERROR 35504 --- [com.alibaba.nacos.client.remote.worker] c.a.n.c.remote.client.grpc.GrpcClient    : Server check fail, please check server 192.168.238.145 ,port 9848 is available , error ={}

java.util.concurrent.TimeoutException: Waited 3000 milliseconds (plus 3 milliseconds, 297400 nanoseconds delay) for com.alibaba.nacos.shaded.io.grpc.stub.ClientCalls$GrpcFuture@42f0690a[status=PENDING, info=[GrpcFuture{clientCall={delegate={delegate=ClientCallImpl{method=MethodDescriptor{fullMethodName=Request/request, type=UNARY, idempotent=false, safe=false, sampledToLocalTracing=true, requestMarshaller=com.alibaba.nacos.shaded.io.grpc.protobuf.lite.ProtoLiteUtils$MessageMarshaller@f15b283, responseMarshaller=com.alibaba.nacos.shaded.io.grpc.protobuf.lite.ProtoLiteUtils$MessageMarshaller@2d41d3d8, schemaDescriptor=com.alibaba.nacos.api.grpc.auto.RequestGrpc$RequestMethodDescriptorSupplier@76e0ad78}}}}}]]
	at com.alibaba.nacos.shaded.com.google.common.util.concurrent.AbstractFuture.get(AbstractFuture.java:508) ~[nacos-client-2.0.4.jar:na]
	at com.alibaba.nacos.common.remote.client.grpc.GrpcClient.serverCheck(GrpcClient.java:148) ~[nacos-client-2.0.4.jar:na]
	at com.alibaba.nacos.common.remote.client.grpc.GrpcClient.connectToServer(GrpcClient.java:264) ~[nacos-client-2.0.4.jar:na]
	at com.alibaba.nacos.common.remote.client.RpcClient.reconnect(RpcClient.java:522) ~[nacos-client-2.0.4.jar:na]
	at com.alibaba.nacos.common.remote.client.RpcClient.lambda$start$2(RpcClient.java:370) ~[nacos-client-2.0.4.jar:na]
	at java.base/java.util.concurrent.Executors$RunnableAdapter.call(Executors.java:515) ~[na:na]
	at java.base/java.util.concurrent.FutureTask.run(FutureTask.java:264) ~[na:na]
	at java.base/java.util.concurrent.ScheduledThreadPoolExecutor$ScheduledFutureTask.run(ScheduledThreadPoolExecutor.java:304) ~[na:na]
	at java.base/java.util.concurrent.ThreadPoolExecutor.runWorker(ThreadPoolExecutor.java:1128) ~[na:na]
	at java.base/java.util.concurrent.ThreadPoolExecutor$Worker.run(ThreadPoolExecutor.java:628) ~[na:na]
	at java.base/java.lang.Thread.run(Thread.java:834) ~[na:na]

02:07:00:277  INFO 35504 --- [com.alibaba.nacos.client.remote.worker] com.alibaba.nacos.common.remote.client   : [8f9087eb-3902-461f-9e4f-7b3e64a2db39] Success to connect a server [192.168.238.145:8848], connectionId = 1710439620509_192.168.238.1_2151
02:07:00:277  INFO 35504 --- [com.alibaba.nacos.client.remote.worker] com.alibaba.nacos.common.remote.client   : [8f9087eb-3902-461f-9e4f-7b3e64a2db39] Abandon prev connection, server is 192.168.238.145:8848, connectionId is 1710439181087_192.168.238.1_2072
02:07:00:277  INFO 35504 --- [com.alibaba.nacos.client.remote.worker] com.alibaba.nacos.common.remote.client   : Close current connection 1710439181087_192.168.238.1_2072
02:07:00:278  INFO 35504 --- [com.alibaba.nacos.client.remote.worker] com.alibaba.nacos.common.remote.client   : [8f9087eb-3902-461f-9e4f-7b3e64a2db39] Notify disconnected event to listeners
02:07:00:282  INFO 35504 --- [com.alibaba.nacos.client.remote.worker] com.alibaba.nacos.common.remote.client   : [8f9087eb-3902-461f-9e4f-7b3e64a2db39] Notify connected event to listeners.
02:07:00:282  WARN 35504 --- [nacos-grpc-client-executor-120] c.a.n.c.remote.client.grpc.GrpcClient    : [1710439181087_192.168.238.1_2072]Ignore error event,isRunning:true,isAbandon=true
02:07:00:703  INFO 14752 --- [com.alibaba.nacos.client.remote.worker] com.alibaba.nacos.common.remote.client   : [3d7ce0a5-76a9-4c86-b849-c596ca995fce] Success to connect a server [192.168.238.145:8848], connectionId = 1710439620936_192.168.238.1_2079
02:07:00:703  INFO 14752 --- [com.alibaba.nacos.client.remote.worker] com.alibaba.nacos.common.remote.client   : [3d7ce0a5-76a9-4c86-b849-c596ca995fce] Abandon prev connection, server is 192.168.238.145:8848, connectionId is 1710439185502_192.168.238.1_2155
02:07:00:703  INFO 14752 --- [com.alibaba.nacos.client.remote.worker] com.alibaba.nacos.common.remote.client   : Close current connection 1710439185502_192.168.238.1_2155
02:07:00:705  INFO 14752 --- [com.alibaba.nacos.client.remote.worker] com.alibaba.nacos.common.remote.client   : [3d7ce0a5-76a9-4c86-b849-c596ca995fce] Notify disconnected event to listeners
02:07:00:708  INFO 14752 --- [com.alibaba.nacos.client.remote.worker] com.alibaba.nacos.common.remote.client   : [3d7ce0a5-76a9-4c86-b849-c596ca995fce] Notify connected event to listeners.
02:07:00:710  WARN 14752 --- [nacos-grpc-client-executor-116] c.a.n.c.remote.client.grpc.GrpcClient    : [1710439185502_192.168.238.1_2155]Ignore error event,isRunning:true,isAbandon=true
02:07:01:756  INFO 14752 --- [nacos-grpc-client-executor-121] com.alibaba.nacos.common.remote.client   : [3d7ce0a5-76a9-4c86-b849-c596ca995fce] Receive server push request, request = NotifySubscriberRequest, requestId = 88
02:07:01:764  INFO 14752 --- [nacos-grpc-client-executor-121] com.alibaba.nacos.common.remote.client   : [3d7ce0a5-76a9-4c86-b849-c596ca995fce] Ack server push request, request = NotifySubscriberRequest, requestId = 88
02:07:03:278  INFO 14752 --- [nacos-grpc-client-executor-122] com.alibaba.nacos.common.remote.client   : [3d7ce0a5-76a9-4c86-b849-c596ca995fce] Receive server push request, request = NotifySubscriberRequest, requestId = 93
02:07:03:278  INFO 35504 --- [nacos-grpc-client-executor-125] com.alibaba.nacos.common.remote.client   : [8f9087eb-3902-461f-9e4f-7b3e64a2db39] Receive server push request, request = NotifySubscriberRequest, requestId = 94
02:07:03:279  INFO 35504 --- [nacos-grpc-client-executor-125] com.alibaba.nacos.common.remote.client   : [8f9087eb-3902-461f-9e4f-7b3e64a2db39] Ack server push request, request = NotifySubscriberRequest, requestId = 94
02:07:03:288  INFO 14752 --- [nacos-grpc-client-executor-122] com.alibaba.nacos.common.remote.client   : [3d7ce0a5-76a9-4c86-b849-c596ca995fce] Ack server push request, request = NotifySubscriberRequest, requestId = 93
02:17:50:234 DEBUG 35504 --- [http-nio-8081-exec-1] c.h.i.mapper.ItemMapper.selectBatchIds   : ==>  Preparing: SELECT id,name,price,stock,image,category,brand,spec,sold,comment_count,isAD,status,create_time,update_time,creater,updater FROM item WHERE id IN ( ? )
02:17:50:237 DEBUG 35504 --- [http-nio-8081-exec-1] c.h.i.mapper.ItemMapper.selectBatchIds   : ==> Parameters: 100000006163(Long)
02:17:50:245 DEBUG 35504 --- [http-nio-8081-exec-1] c.h.i.mapper.ItemMapper.selectBatchIds   : <==      Total: 1
02:18:30:259 DEBUG 14752 --- [http-nio-8083-exec-3] c.h.i.mapper.ItemMapper.selectBatchIds   : ==>  Preparing: SELECT id,name,price,stock,image,category,brand,spec,sold,comment_count,isAD,status,create_time,update_time,creater,updater FROM item WHERE id IN ( ? )
02:18:30:261 DEBUG 14752 --- [http-nio-8083-exec-3] c.h.i.mapper.ItemMapper.selectBatchIds   : ==> Parameters: 100000006163(Long)
02:18:30:270 DEBUG 14752 --- [http-nio-8083-exec-3] c.h.i.mapper.ItemMapper.selectBatchIds   : <==      Total: 1
02:19:43:204 DEBUG 14752 --- [http-nio-8083-exec-5] c.h.i.mapper.ItemMapper.selectBatchIds   : ==>  Preparing: SELECT id,name,price,stock,image,category,brand,spec,sold,comment_count,isAD,status,create_time,update_time,creater,updater FROM item WHERE id IN ( ? )
02:19:43:205 DEBUG 14752 --- [http-nio-8083-exec-5] c.h.i.mapper.ItemMapper.selectBatchIds   : ==> Parameters: 100000006163(Long)
02:19:43:207 DEBUG 14752 --- [http-nio-8083-exec-5] c.h.i.mapper.ItemMapper.selectBatchIds   : <==      Total: 1
