00:53:15:990  INFO 35000 --- [main] com.hmall.HMallApplication               : Starting HMallApplication using Java 11.0.21 on DESKTOP-MVVTE8A with PID 35000 (C:\Users\qjy\Desktop\hmall\hm-service\target\classes started by qjy in C:\Users\qjy\Desktop\hmall)
00:53:15:993 DEBUG 35000 --- [main] com.hmall.HMallApplication               : Running with Spring Boot v2.7.12, Spring v5.3.27
00:53:15:993  INFO 35000 --- [main] com.hmall.HMallApplication               : The following 1 profile is active: "local"
00:53:17:350  INFO 35000 --- [main] .s.d.r.c.RepositoryConfigurationDelegate : Multiple Spring Data modules found, entering strict repository configuration mode
00:53:17:353  INFO 35000 --- [main] .s.d.r.c.RepositoryConfigurationDelegate : Bootstrapping Spring Data Redis repositories in DEFAULT mode.
00:53:17:398  INFO 35000 --- [main] .s.d.r.c.RepositoryConfigurationDelegate : Finished Spring Data repository scanning in 16 ms. Found 0 Redis repository interfaces.
00:53:18:009  INFO 35000 --- [main] o.s.b.w.embedded.tomcat.TomcatWebServer  : Tomcat initialized with port(s): 8080 (http)
00:53:18:020  INFO 35000 --- [main] o.apache.catalina.core.StandardService   : Starting service [Tomcat]
00:53:18:020  INFO 35000 --- [main] org.apache.catalina.core.StandardEngine  : Starting Servlet engine: [Apache Tomcat/9.0.75]
00:53:18:154  INFO 35000 --- [main] o.a.c.c.C.[Tomcat].[localhost].[/]       : Initializing Spring embedded WebApplicationContext
00:53:18:154  INFO 35000 --- [main] w.s.c.ServletWebServerApplicationContext : Root WebApplicationContext: initialization completed in 2110 ms
00:53:20:132  INFO 35000 --- [main] pertySourcedRequestMappingHandlerMapping : Mapped URL path [/v2/api-docs] onto method [springfox.documentation.swagger2.web.Swagger2ControllerWebMvc#getDocumentation(String, HttpServletRequest)]
00:53:20:598  INFO 35000 --- [main] o.s.b.w.embedded.tomcat.TomcatWebServer  : Tomcat started on port(s): 8080 (http) with context path ''
00:53:20:599  INFO 35000 --- [main] d.s.w.p.DocumentationPluginsBootstrapper : Documentation plugins bootstrapped
00:53:20:601  INFO 35000 --- [main] d.s.w.p.DocumentationPluginsBootstrapper : Found 1 custom documentation plugin(s)
00:53:20:632  INFO 35000 --- [main] s.d.s.w.s.ApiListingReferenceScanner     : Scanning for api listing references
00:53:20:816  INFO 35000 --- [main] com.hmall.HMallApplication               : Started HMallApplication in 5.36 seconds (JVM running for 6.888)
00:53:36:727  INFO 35000 --- [http-nio-8080-exec-1] o.a.c.c.C.[Tomcat].[localhost].[/]       : Initializing Spring DispatcherServlet 'dispatcherServlet'
00:53:36:728  INFO 35000 --- [http-nio-8080-exec-1] o.s.web.servlet.DispatcherServlet        : Initializing Servlet 'dispatcherServlet'
00:53:36:730  INFO 35000 --- [http-nio-8080-exec-1] o.s.web.servlet.DispatcherServlet        : Completed initialization in 2 ms
01:10:42:707  INFO 20020 --- [main] com.hmall.HMallApplication               : Starting HMallApplication using Java 11.0.21 on DESKTOP-MVVTE8A with PID 20020 (C:\Users\qjy\Desktop\WorkSpace\Distributed-framework-learning-for-Java\04springcloud\hmall\hm-service\target\classes started by qjy in C:\Users\qjy\Desktop\WorkSpace\Distributed-framework-learning-for-Java\04springcloud\hmall)
01:10:42:713 DEBUG 20020 --- [main] com.hmall.HMallApplication               : Running with Spring Boot v2.7.12, Spring v5.3.27
01:10:42:715  INFO 20020 --- [main] com.hmall.HMallApplication               : The following 1 profile is active: "local"
01:10:45:063  INFO 20020 --- [main] .s.d.r.c.RepositoryConfigurationDelegate : Multiple Spring Data modules found, entering strict repository configuration mode
01:10:45:069  INFO 20020 --- [main] .s.d.r.c.RepositoryConfigurationDelegate : Bootstrapping Spring Data Redis repositories in DEFAULT mode.
01:10:45:132  INFO 20020 --- [main] .s.d.r.c.RepositoryConfigurationDelegate : Finished Spring Data repository scanning in 27 ms. Found 0 Redis repository interfaces.
01:10:46:100  INFO 20020 --- [main] o.s.b.w.embedded.tomcat.TomcatWebServer  : Tomcat initialized with port(s): 8080 (http)
01:10:46:121  INFO 20020 --- [main] o.apache.catalina.core.StandardService   : Starting service [Tomcat]
01:10:46:122  INFO 20020 --- [main] org.apache.catalina.core.StandardEngine  : Starting Servlet engine: [Apache Tomcat/9.0.75]
01:10:46:365  INFO 20020 --- [main] o.a.c.c.C.[Tomcat].[localhost].[/]       : Initializing Spring embedded WebApplicationContext
01:10:46:366  INFO 20020 --- [main] w.s.c.ServletWebServerApplicationContext : Root WebApplicationContext: initialization completed in 3555 ms
01:10:49:494  INFO 20020 --- [main] pertySourcedRequestMappingHandlerMapping : Mapped URL path [/v2/api-docs] onto method [springfox.documentation.swagger2.web.Swagger2ControllerWebMvc#getDocumentation(String, HttpServletRequest)]
01:10:50:137  INFO 20020 --- [main] o.s.b.w.embedded.tomcat.TomcatWebServer  : Tomcat started on port(s): 8080 (http) with context path ''
01:10:50:139  INFO 20020 --- [main] d.s.w.p.DocumentationPluginsBootstrapper : Documentation plugins bootstrapped
01:10:50:142  INFO 20020 --- [main] d.s.w.p.DocumentationPluginsBootstrapper : Found 1 custom documentation plugin(s)
01:10:50:185  INFO 20020 --- [main] s.d.s.w.s.ApiListingReferenceScanner     : Scanning for api listing references
01:10:50:467  INFO 20020 --- [main] com.hmall.HMallApplication               : Started HMallApplication in 8.784 seconds (JVM running for 10.455)
01:12:39:840  INFO 20020 --- [http-nio-8080-exec-2] o.a.c.c.C.[Tomcat].[localhost].[/]       : Initializing Spring DispatcherServlet 'dispatcherServlet'
01:12:39:841  INFO 20020 --- [http-nio-8080-exec-2] o.s.web.servlet.DispatcherServlet        : Initializing Servlet 'dispatcherServlet'
01:12:39:843  INFO 20020 --- [http-nio-8080-exec-2] o.s.web.servlet.DispatcherServlet        : Completed initialization in 1 ms
01:25:38:456  INFO 20020 --- [http-nio-8080-exec-7] com.zaxxer.hikari.HikariDataSource       : HikariPool-1 - Starting...
01:25:38:787  INFO 20020 --- [http-nio-8080-exec-7] com.zaxxer.hikari.HikariDataSource       : HikariPool-1 - Start completed.
01:25:38:798 DEBUG 20020 --- [http-nio-8080-exec-7] com.hmall.mapper.UserMapper.selectOne    : ==>  Preparing: SELECT id,username,password,phone,create_time,update_time,status,balance FROM user WHERE (username = ?)
01:25:38:827 DEBUG 20020 --- [http-nio-8080-exec-7] com.hmall.mapper.UserMapper.selectOne    : ==> Parameters: jack(String)
01:25:38:866 DEBUG 20020 --- [http-nio-8080-exec-7] com.hmall.mapper.UserMapper.selectOne    : <==      Total: 1
01:25:39:244 DEBUG 20020 --- [http-nio-8080-exec-8] com.hmall.mapper.CartMapper.selectList   : ==>  Preparing: SELECT id,user_id,item_id,num,name,spec,price,image,create_time,update_time FROM cart WHERE (user_id = ?)
01:25:39:245 DEBUG 20020 --- [http-nio-8080-exec-8] com.hmall.mapper.CartMapper.selectList   : ==> Parameters: 1(Long)
01:25:39:252 DEBUG 20020 --- [http-nio-8080-exec-8] com.hmall.mapper.CartMapper.selectList   : <==      Total: 2
01:25:39:276 DEBUG 20020 --- [http-nio-8080-exec-8] c.h.mapper.ItemMapper.selectBatchIds     : ==>  Preparing: SELECT id,name,price,stock,image,category,brand,spec,sold,comment_count,isAD,status,create_time,update_time,creater,updater FROM item WHERE id IN ( ? , ? )
01:25:39:277 DEBUG 20020 --- [http-nio-8080-exec-8] c.h.mapper.ItemMapper.selectBatchIds     : ==> Parameters: 2120808(Long), 100000003145(Long)
01:25:39:293 DEBUG 20020 --- [http-nio-8080-exec-8] c.h.mapper.ItemMapper.selectBatchIds     : <==      Total: 2
02:13:58:706  INFO 20020 --- [SpringApplicationShutdownHook] com.zaxxer.hikari.HikariDataSource       : HikariPool-1 - Shutdown initiated...
02:13:58:759  INFO 20020 --- [SpringApplicationShutdownHook] com.zaxxer.hikari.HikariDataSource       : HikariPool-1 - Shutdown completed.
