00:05:08:493  WARN 34232 --- [HikariPool-1 housekeeper] com.zaxxer.hikari.pool.HikariPool        : HikariPool-1 - Thread starvation or clock leap detected (housekeeper delta=26m35s408ms116µs).
00:05:08:506  INFO 34232 --- [nacos-grpc-client-executor-23] com.alibaba.nacos.common.remote.client   : [d1f863b7-fbcf-4b24-9226-cc227061c9d6] Receive server push request, request = ClientDetectionRequest, requestId = 4
00:05:08:509  INFO 34232 --- [nacos-grpc-client-executor-23] com.alibaba.nacos.common.remote.client   : [d1f863b7-fbcf-4b24-9226-cc227061c9d6] Ack server push request, request = ClientDetectionRequest, requestId = 4
00:05:08:518 ERROR 34232 --- [nacos-grpc-client-executor-23] c.a.n.c.remote.client.grpc.GrpcClient    : [1710085077982_192.168.238.1_10567]Request stream onCompleted, switch server
00:05:08:525 ERROR 34232 --- [com.alibaba.nacos.client.naming.updater.0] com.alibaba.nacos.common.remote.client   : Send request fail, request = ServiceQueryRequest{headers={}, requestId='null'}, retryTimes = 0, errorMessage = java.util.concurrent.ExecutionException: com.alibaba.nacos.shaded.io.grpc.StatusRuntimeException: UNAVAILABLE: HTTP/2 error code: NO_ERROR
Received Goaway
app_requested
00:05:08:526  INFO 34232 --- [com.alibaba.nacos.client.remote.worker] com.alibaba.nacos.common.remote.client   : [d1f863b7-fbcf-4b24-9226-cc227061c9d6] Server healthy check fail, currentConnection = 1710085077982_192.168.238.1_10567
00:05:08:526  INFO 34232 --- [com.alibaba.nacos.client.remote.worker] com.alibaba.nacos.common.remote.client   : [d1f863b7-fbcf-4b24-9226-cc227061c9d6] Try to reconnect to a new server, server is  not appointed, will choose a random server.
00:05:08:572  WARN 34232 --- [Thread-7] c.a.n.common.http.HttpClientBeanHolder   : [HttpClientBeanHolder] Start destroying common HttpClient
00:05:08:572  WARN 34232 --- [Thread-4] c.a.nacos.common.notify.NotifyCenter     : [NotifyCenter] Start destroying Publisher
00:05:08:573  WARN 34232 --- [Thread-4] c.a.nacos.common.notify.NotifyCenter     : [NotifyCenter] Destruction of the end
00:05:08:574  WARN 34232 --- [Thread-7] c.a.n.common.http.HttpClientBeanHolder   : [HttpClientBeanHolder] Destruction of the end
00:05:08:626 ERROR 34232 --- [com.alibaba.nacos.client.naming.updater.0] com.alibaba.nacos.common.remote.client   : Send request fail, request = ServiceQueryRequest{headers={}, requestId='null'}, retryTimes = 1, errorMessage = Client not connected, current status:UNHEALTHY
00:05:08:659  INFO 34232 --- [com.alibaba.nacos.client.remote.worker] com.alibaba.nacos.common.remote.client   : [d1f863b7-fbcf-4b24-9226-cc227061c9d6] Success to connect a server [192.168.238.145:8848], connectionId = 1710086709525_192.168.238.1_12791
00:05:08:659  INFO 34232 --- [com.alibaba.nacos.client.remote.worker] com.alibaba.nacos.common.remote.client   : [d1f863b7-fbcf-4b24-9226-cc227061c9d6] Abandon prev connection, server is 192.168.238.145:8848, connectionId is 1710085077982_192.168.238.1_10567
00:05:08:659  INFO 34232 --- [com.alibaba.nacos.client.remote.worker] com.alibaba.nacos.common.remote.client   : Close current connection 1710085077982_192.168.238.1_10567
00:05:08:670  INFO 34232 --- [com.alibaba.nacos.client.remote.worker] com.alibaba.nacos.common.remote.client   : [d1f863b7-fbcf-4b24-9226-cc227061c9d6] Try to reconnect to a new server, server is  not appointed, will choose a random server.
00:05:08:670  INFO 34232 --- [com.alibaba.nacos.client.remote.worker] com.alibaba.nacos.common.remote.client   : [d1f863b7-fbcf-4b24-9226-cc227061c9d6] Notify disconnected event to listeners
00:05:08:672  INFO 34232 --- [com.alibaba.nacos.client.remote.worker] com.alibaba.nacos.common.remote.client   : [d1f863b7-fbcf-4b24-9226-cc227061c9d6] Notify connected event to listeners.
00:05:08:728 ERROR 34232 --- [com.alibaba.nacos.client.naming.updater.0] com.alibaba.nacos.common.remote.client   : Send request fail, request = ServiceQueryRequest{headers={}, requestId='null'}, retryTimes = 2, errorMessage = Client not connected, current status:UNHEALTHY
00:05:08:806  INFO 34232 --- [com.alibaba.nacos.client.remote.worker] com.alibaba.nacos.common.remote.client   : [d1f863b7-fbcf-4b24-9226-cc227061c9d6] Success to connect a server [192.168.238.145:8848], connectionId = 1710086709666_192.168.238.1_12796
00:05:08:808  INFO 34232 --- [com.alibaba.nacos.client.remote.worker] com.alibaba.nacos.common.remote.client   : [d1f863b7-fbcf-4b24-9226-cc227061c9d6] Abandon prev connection, server is 192.168.238.145:8848, connectionId is 1710086709525_192.168.238.1_12791
00:05:08:808  INFO 34232 --- [com.alibaba.nacos.client.remote.worker] com.alibaba.nacos.common.remote.client   : Close current connection 1710086709525_192.168.238.1_12791
00:05:08:812  INFO 34232 --- [com.alibaba.nacos.client.remote.worker] com.alibaba.nacos.common.remote.client   : [d1f863b7-fbcf-4b24-9226-cc227061c9d6] Notify disconnected event to listeners
00:05:08:812  INFO 34232 --- [com.alibaba.nacos.client.remote.worker] com.alibaba.nacos.common.remote.client   : [d1f863b7-fbcf-4b24-9226-cc227061c9d6] Notify connected event to listeners.
00:05:08:817  WARN 34232 --- [nacos-grpc-client-executor-33] c.a.n.c.remote.client.grpc.GrpcClient    : [1710086709525_192.168.238.1_12791]Ignore error event,isRunning:true,isAbandon=true
00:05:08:817  INFO 34232 --- [com.alibaba.nacos.client.remote.worker] com.alibaba.nacos.common.remote.client   : [d1f863b7-fbcf-4b24-9226-cc227061c9d6] Server check success, currentServer is 192.168.238.145:8848 
00:05:08:896 ERROR 34232 --- [http-nio-8082-exec-7] com.alibaba.nacos.common.remote.client   : Send request fail, request = SubscribeServiceRequest{headers={app=unknown}, requestId='null'}, retryTimes = 0, errorMessage = Client not connected, current status:UNHEALTHY
00:05:09:422  INFO 34232 --- [nacos-grpc-client-executor-36] com.alibaba.nacos.common.remote.client   : [d1f863b7-fbcf-4b24-9226-cc227061c9d6] Receive server push request, request = NotifySubscriberRequest, requestId = 5
00:05:09:422  INFO 34232 --- [nacos-grpc-client-executor-36] com.alibaba.nacos.common.remote.client   : [d1f863b7-fbcf-4b24-9226-cc227061c9d6] Ack server push request, request = NotifySubscriberRequest, requestId = 5
00:05:10:485  INFO 34232 --- [SpringApplicationShutdownHook] c.a.c.n.registry.NacosServiceRegistry    : De-registering from Nacos Server now...
00:05:10:494  INFO 34232 --- [SpringApplicationShutdownHook] c.a.c.n.registry.NacosServiceRegistry    : De-registration finished.
00:05:10:805  INFO 34232 --- [SpringApplicationShutdownHook] com.alibaba.nacos.common.remote.client   : Shutdown rpc client, set status to shutdown
00:05:10:806  INFO 34232 --- [SpringApplicationShutdownHook] com.alibaba.nacos.common.remote.client   : Shutdown client event executor java.util.concurrent.ScheduledThreadPoolExecutor@3e40a790[Running, pool size = 2, active threads = 2, queued tasks = 0, completed tasks = 0]
00:05:10:806  INFO 34232 --- [SpringApplicationShutdownHook] com.alibaba.nacos.common.remote.client   : Close current connection 1710086709666_192.168.238.1_12796
00:05:10:809  INFO 34232 --- [SpringApplicationShutdownHook] c.a.n.c.remote.client.grpc.GrpcClient    : Shutdown grpc executor java.util.concurrent.ThreadPoolExecutor@23b0ee02[Running, pool size = 18, active threads = 1, queued tasks = 0, completed tasks = 40]
00:05:10:810  INFO 34232 --- [nacos-grpc-client-executor-40] c.a.n.c.remote.client.grpc.GrpcClient    : [1710086709666_192.168.238.1_12796]Ignore complete event,isRunning:false,isAbandon=false
00:05:10:817  INFO 34232 --- [SpringApplicationShutdownHook] com.zaxxer.hikari.HikariDataSource       : HikariPool-1 - Shutdown initiated...
00:05:10:844  INFO 34232 --- [SpringApplicationShutdownHook] com.zaxxer.hikari.HikariDataSource       : HikariPool-1 - Shutdown completed.
00:06:26:733  INFO 39716 --- [main] com.hmall.cart.CartApplication           : Starting CartApplication using Java 11.0.21 on DESKTOP-MVVTE8A with PID 39716 (C:\Users\qjy\Desktop\WorkSpace\Distributed-framework-learning-for-Java\04springcloud\hmall\cart-service\target\classes started by qjy in C:\Users\qjy\Desktop\WorkSpace\Distributed-framework-learning-for-Java\04springcloud\hmall)
00:06:26:735 DEBUG 39716 --- [main] com.hmall.cart.CartApplication           : Running with Spring Boot v2.7.12, Spring v5.3.27
00:06:26:736  INFO 39716 --- [main] com.hmall.cart.CartApplication           : The following 1 profile is active: "local"
00:06:28:763  INFO 39716 --- [main] o.s.cloud.context.scope.GenericScope     : BeanFactory id=0e02b9a9-8927-3fc6-86a7-2d11101cb310
00:06:29:401  INFO 39716 --- [main] o.s.b.w.embedded.tomcat.TomcatWebServer  : Tomcat initialized with port(s): 8082 (http)
00:06:29:420  INFO 39716 --- [main] o.apache.catalina.core.StandardService   : Starting service [Tomcat]
00:06:29:421  INFO 39716 --- [main] org.apache.catalina.core.StandardEngine  : Starting Servlet engine: [Apache Tomcat/9.0.75]
00:06:29:652  INFO 39716 --- [main] o.a.c.c.C.[Tomcat].[localhost].[/]       : Initializing Spring embedded WebApplicationContext
00:06:29:652  INFO 39716 --- [main] w.s.c.ServletWebServerApplicationContext : Root WebApplicationContext: initialization completed in 2848 ms
00:06:30:046  INFO 39716 --- [main] o.s.c.openfeign.FeignClientFactoryBean   : For 'item-service' URL not provided. Will try picking an instance via load-balancing.
00:06:32:817  INFO 39716 --- [main] pertySourcedRequestMappingHandlerMapping : Mapped URL path [/v2/api-docs] onto method [springfox.documentation.swagger2.web.Swagger2ControllerWebMvc#getDocumentation(String, HttpServletRequest)]
00:06:33:609  INFO 39716 --- [main] com.alibaba.nacos.common.remote.client   : [RpcClientFactory] create a new rpc client of 12d42f1d-50ae-42dd-8db5-ebb1547378af
00:06:33:717  INFO 39716 --- [main] org.reflections.Reflections              : Reflections took 54 ms to scan 1 urls, producing 3 keys and 6 values 
00:06:33:771  INFO 39716 --- [main] org.reflections.Reflections              : Reflections took 13 ms to scan 1 urls, producing 4 keys and 9 values 
00:06:33:783  INFO 39716 --- [main] org.reflections.Reflections              : Reflections took 7 ms to scan 1 urls, producing 3 keys and 10 values 
00:06:33:787  WARN 39716 --- [main] org.reflections.Reflections              : given scan urls are empty. set urls in the configuration
00:06:33:796  INFO 39716 --- [main] org.reflections.Reflections              : Reflections took 8 ms to scan 1 urls, producing 1 keys and 5 values 
00:06:33:811  INFO 39716 --- [main] org.reflections.Reflections              : Reflections took 9 ms to scan 1 urls, producing 1 keys and 7 values 
00:06:33:845  INFO 39716 --- [main] org.reflections.Reflections              : Reflections took 28 ms to scan 1 urls, producing 2 keys and 8 values 
00:06:33:849  WARN 39716 --- [main] org.reflections.Reflections              : given scan urls are empty. set urls in the configuration
00:06:33:854  INFO 39716 --- [main] com.alibaba.nacos.common.remote.client   : [12d42f1d-50ae-42dd-8db5-ebb1547378af] RpcClient init label, labels = {module=naming, source=sdk}
00:06:33:858  INFO 39716 --- [main] com.alibaba.nacos.common.remote.client   : [12d42f1d-50ae-42dd-8db5-ebb1547378af] RpcClient init, ServerListFactory = com.alibaba.nacos.client.naming.core.ServerListManager
00:06:33:858  INFO 39716 --- [main] com.alibaba.nacos.common.remote.client   : [12d42f1d-50ae-42dd-8db5-ebb1547378af] Registry connection listener to current client:com.alibaba.nacos.client.naming.remote.gprc.redo.NamingGrpcRedoService
00:06:33:859  INFO 39716 --- [main] com.alibaba.nacos.common.remote.client   : [12d42f1d-50ae-42dd-8db5-ebb1547378af] Register server push request handler:com.alibaba.nacos.client.naming.remote.gprc.NamingPushRequestHandler
00:06:33:864  INFO 39716 --- [main] com.alibaba.nacos.common.remote.client   : [12d42f1d-50ae-42dd-8db5-ebb1547378af] Try to connect to server on start up, server: {serverIp = '192.168.238.145', server main port = 8848}
00:06:36:595  INFO 39716 --- [main] com.alibaba.nacos.common.remote.client   : [12d42f1d-50ae-42dd-8db5-ebb1547378af] Success to connect to server [192.168.238.145:8848] on start up, connectionId = 1710086797238_192.168.238.1_13012
00:06:36:597  INFO 39716 --- [com.alibaba.nacos.client.remote.worker] com.alibaba.nacos.common.remote.client   : [12d42f1d-50ae-42dd-8db5-ebb1547378af] Notify connected event to listeners.
00:06:36:599  INFO 39716 --- [main] com.alibaba.nacos.common.remote.client   : [12d42f1d-50ae-42dd-8db5-ebb1547378af] Register server push request handler:com.alibaba.nacos.common.remote.client.RpcClient$ConnectResetRequestHandler
00:06:36:600  INFO 39716 --- [main] com.alibaba.nacos.common.remote.client   : [12d42f1d-50ae-42dd-8db5-ebb1547378af] Register server push request handler:com.alibaba.nacos.common.remote.client.RpcClient$$Lambda$991/0x0000000800787c40
00:06:36:732  INFO 39716 --- [main] o.s.b.w.embedded.tomcat.TomcatWebServer  : Tomcat started on port(s): 8082 (http) with context path ''
00:06:36:751  INFO 39716 --- [main] c.a.c.n.registry.NacosServiceRegistry    : nacos registry, DEFAULT_GROUP cart-service 192.168.238.1:8082 register finished
00:06:36:896  INFO 39716 --- [http-nio-8082-exec-1] o.a.c.c.C.[Tomcat].[localhost].[/]       : Initializing Spring DispatcherServlet 'dispatcherServlet'
00:06:36:897  INFO 39716 --- [http-nio-8082-exec-1] o.s.web.servlet.DispatcherServlet        : Initializing Servlet 'dispatcherServlet'
00:06:36:902  INFO 39716 --- [http-nio-8082-exec-1] o.s.web.servlet.DispatcherServlet        : Completed initialization in 4 ms
00:06:37:099  INFO 39716 --- [http-nio-8082-exec-1] com.zaxxer.hikari.HikariDataSource       : HikariPool-1 - Starting...
00:06:37:126  INFO 39716 --- [main] d.s.w.p.DocumentationPluginsBootstrapper : Documentation plugins bootstrapped
00:06:37:132  INFO 39716 --- [main] d.s.w.p.DocumentationPluginsBootstrapper : Found 1 custom documentation plugin(s)
00:06:37:174  INFO 39716 --- [nacos-grpc-client-executor-10] com.alibaba.nacos.common.remote.client   : [12d42f1d-50ae-42dd-8db5-ebb1547378af] Receive server push request, request = NotifySubscriberRequest, requestId = 6
00:06:37:188  INFO 39716 --- [nacos-grpc-client-executor-10] com.alibaba.nacos.common.remote.client   : [12d42f1d-50ae-42dd-8db5-ebb1547378af] Ack server push request, request = NotifySubscriberRequest, requestId = 6
00:06:37:197  INFO 39716 --- [main] s.d.s.w.s.ApiListingReferenceScanner     : Scanning for api listing references
00:06:37:350  INFO 39716 --- [main] com.hmall.cart.CartApplication           : Started CartApplication in 12.176 seconds (JVM running for 14.079)
00:06:37:521  INFO 39716 --- [http-nio-8082-exec-1] com.zaxxer.hikari.HikariDataSource       : HikariPool-1 - Start completed.
00:06:37:530 DEBUG 39716 --- [http-nio-8082-exec-1] c.h.cart.mapper.CartMapper.selectList    : ==>  Preparing: SELECT id,user_id,item_id,num,name,spec,price,image,create_time,update_time FROM cart WHERE (user_id = ?)
00:06:37:558 DEBUG 39716 --- [http-nio-8082-exec-1] c.h.cart.mapper.CartMapper.selectList    : ==> Parameters: 1(Long)
00:06:37:594 DEBUG 39716 --- [http-nio-8082-exec-1] c.h.cart.mapper.CartMapper.selectList    : <==      Total: 1
00:06:38:462  INFO 39716 --- [nacos-grpc-client-executor-13] com.alibaba.nacos.common.remote.client   : [12d42f1d-50ae-42dd-8db5-ebb1547378af] Receive server push request, request = NotifySubscriberRequest, requestId = 7
00:06:38:463  INFO 39716 --- [nacos-grpc-client-executor-13] com.alibaba.nacos.common.remote.client   : [12d42f1d-50ae-42dd-8db5-ebb1547378af] Ack server push request, request = NotifySubscriberRequest, requestId = 7
00:44:12:884  WARN 39716 --- [Thread-7] c.a.n.common.http.HttpClientBeanHolder   : [HttpClientBeanHolder] Start destroying common HttpClient
00:44:12:883  WARN 39716 --- [Thread-4] c.a.nacos.common.notify.NotifyCenter     : [NotifyCenter] Start destroying Publisher
00:44:12:897  WARN 39716 --- [Thread-4] c.a.nacos.common.notify.NotifyCenter     : [NotifyCenter] Destruction of the end
00:44:12:901  WARN 39716 --- [Thread-7] c.a.n.common.http.HttpClientBeanHolder   : [HttpClientBeanHolder] Destruction of the end
00:44:13:406  INFO 39716 --- [SpringApplicationShutdownHook] c.a.c.n.registry.NacosServiceRegistry    : De-registering from Nacos Server now...
00:44:13:418  INFO 39716 --- [SpringApplicationShutdownHook] c.a.c.n.registry.NacosServiceRegistry    : De-registration finished.
00:44:13:732  INFO 39716 --- [SpringApplicationShutdownHook] com.alibaba.nacos.common.remote.client   : Shutdown rpc client, set status to shutdown
00:44:13:732  INFO 39716 --- [SpringApplicationShutdownHook] com.alibaba.nacos.common.remote.client   : Shutdown client event executor java.util.concurrent.ScheduledThreadPoolExecutor@4484db54[Running, pool size = 2, active threads = 2, queued tasks = 0, completed tasks = 0]
00:44:13:733  INFO 39716 --- [SpringApplicationShutdownHook] com.alibaba.nacos.common.remote.client   : Close current connection 1710086797238_192.168.238.1_13012
00:44:13:737  INFO 39716 --- [nacos-grpc-client-executor-516] c.a.n.c.remote.client.grpc.GrpcClient    : [1710086797238_192.168.238.1_13012]Ignore complete event,isRunning:false,isAbandon=false
00:44:13:753  INFO 39716 --- [SpringApplicationShutdownHook] c.a.n.c.remote.client.grpc.GrpcClient    : Shutdown grpc executor java.util.concurrent.ThreadPoolExecutor@63b2e18[Running, pool size = 5, active threads = 0, queued tasks = 0, completed tasks = 517]
00:44:13:766  INFO 39716 --- [SpringApplicationShutdownHook] com.zaxxer.hikari.HikariDataSource       : HikariPool-1 - Shutdown initiated...
00:44:13:800  INFO 39716 --- [SpringApplicationShutdownHook] com.zaxxer.hikari.HikariDataSource       : HikariPool-1 - Shutdown completed.
00:44:27:104  INFO 25716 --- [main] com.hmall.cart.CartApplication           : Starting CartApplication using Java 11.0.21 on DESKTOP-MVVTE8A with PID 25716 (C:\Users\qjy\Desktop\WorkSpace\Distributed-framework-learning-for-Java\04springcloud\hmall\cart-service\target\classes started by qjy in C:\Users\qjy\Desktop\WorkSpace\Distributed-framework-learning-for-Java\04springcloud\hmall)
00:44:27:107 DEBUG 25716 --- [main] com.hmall.cart.CartApplication           : Running with Spring Boot v2.7.12, Spring v5.3.27
00:44:27:108  INFO 25716 --- [main] com.hmall.cart.CartApplication           : The following 1 profile is active: "local"
00:44:28:831  INFO 25716 --- [main] o.s.cloud.context.scope.GenericScope     : BeanFactory id=c900144b-356f-344c-8a5a-0cf513fefa7a
00:44:29:282  INFO 25716 --- [main] o.s.b.w.embedded.tomcat.TomcatWebServer  : Tomcat initialized with port(s): 8082 (http)
00:44:29:295  INFO 25716 --- [main] o.apache.catalina.core.StandardService   : Starting service [Tomcat]
00:44:29:295  INFO 25716 --- [main] org.apache.catalina.core.StandardEngine  : Starting Servlet engine: [Apache Tomcat/9.0.75]
00:44:29:445  INFO 25716 --- [main] o.a.c.c.C.[Tomcat].[localhost].[/]       : Initializing Spring embedded WebApplicationContext
00:44:29:445  INFO 25716 --- [main] w.s.c.ServletWebServerApplicationContext : Root WebApplicationContext: initialization completed in 2278 ms
00:44:29:531  WARN 25716 --- [main] ConfigServletWebServerApplicationContext : Exception encountered during context initialization - cancelling refresh attempt: org.springframework.beans.factory.UnsatisfiedDependencyException: Error creating bean with name 'cartController' defined in file [C:\Users\qjy\Desktop\WorkSpace\Distributed-framework-learning-for-Java\04springcloud\hmall\cart-service\target\classes\com\hmall\cart\controller\CartController.class]: Unsatisfied dependency expressed through constructor parameter 0; nested exception is org.springframework.beans.factory.UnsatisfiedDependencyException: Error creating bean with name 'cartServiceImpl' defined in file [C:\Users\qjy\Desktop\WorkSpace\Distributed-framework-learning-for-Java\04springcloud\hmall\cart-service\target\classes\com\hmall\cart\service\impl\CartServiceImpl.class]: Unsatisfied dependency expressed through constructor parameter 0; nested exception is org.springframework.beans.factory.NoSuchBeanDefinitionException: No qualifying bean of type 'com.hmall.api.client.ItemClient' available: expected at least 1 bean which qualifies as autowire candidate. Dependency annotations: {}
00:44:29:535  INFO 25716 --- [main] o.apache.catalina.core.StandardService   : Stopping service [Tomcat]
00:44:29:555  INFO 25716 --- [main] ConditionEvaluationReportLoggingListener : 

Error starting ApplicationContext. To display the conditions report re-run your application with 'debug' enabled.
00:44:29:574 ERROR 25716 --- [main] o.s.b.d.LoggingFailureAnalysisReporter   : 

***************************
APPLICATION FAILED TO START
***************************

Description:

Parameter 0 of constructor in com.hmall.cart.service.impl.CartServiceImpl required a bean of type 'com.hmall.api.client.ItemClient' that could not be found.


Action:

Consider defining a bean of type 'com.hmall.api.client.ItemClient' in your configuration.

00:47:00:142  INFO 36024 --- [main] com.hmall.cart.CartApplication           : Starting CartApplication using Java 11.0.21 on DESKTOP-MVVTE8A with PID 36024 (C:\Users\qjy\Desktop\WorkSpace\Distributed-framework-learning-for-Java\04springcloud\hmall\cart-service\target\classes started by qjy in C:\Users\qjy\Desktop\WorkSpace\Distributed-framework-learning-for-Java\04springcloud\hmall)
00:47:00:144 DEBUG 36024 --- [main] com.hmall.cart.CartApplication           : Running with Spring Boot v2.7.12, Spring v5.3.27
00:47:00:144  INFO 36024 --- [main] com.hmall.cart.CartApplication           : The following 1 profile is active: "local"
00:47:01:309  INFO 36024 --- [main] o.s.cloud.context.scope.GenericScope     : BeanFactory id=2cc8711a-bbf7-3b0d-912b-22a792d797ea
00:47:01:701  INFO 36024 --- [main] o.s.b.w.embedded.tomcat.TomcatWebServer  : Tomcat initialized with port(s): 8082 (http)
00:47:01:713  INFO 36024 --- [main] o.apache.catalina.core.StandardService   : Starting service [Tomcat]
00:47:01:713  INFO 36024 --- [main] org.apache.catalina.core.StandardEngine  : Starting Servlet engine: [Apache Tomcat/9.0.75]
00:47:01:840  INFO 36024 --- [main] o.a.c.c.C.[Tomcat].[localhost].[/]       : Initializing Spring embedded WebApplicationContext
00:47:01:841  INFO 36024 --- [main] w.s.c.ServletWebServerApplicationContext : Root WebApplicationContext: initialization completed in 1651 ms
00:47:02:052  INFO 36024 --- [main] o.s.c.openfeign.FeignClientFactoryBean   : For 'item-service' URL not provided. Will try picking an instance via load-balancing.
00:47:04:063  INFO 36024 --- [main] pertySourcedRequestMappingHandlerMapping : Mapped URL path [/v2/api-docs] onto method [springfox.documentation.swagger2.web.Swagger2ControllerWebMvc#getDocumentation(String, HttpServletRequest)]
00:47:04:599  INFO 36024 --- [main] com.alibaba.nacos.common.remote.client   : [RpcClientFactory] create a new rpc client of 772e4fd1-9b04-4961-87b6-e2f0e6f7b866
00:47:04:657  INFO 36024 --- [main] org.reflections.Reflections              : Reflections took 31 ms to scan 1 urls, producing 3 keys and 6 values 
00:47:04:699  INFO 36024 --- [main] org.reflections.Reflections              : Reflections took 10 ms to scan 1 urls, producing 4 keys and 9 values 
00:47:04:709  INFO 36024 --- [main] org.reflections.Reflections              : Reflections took 8 ms to scan 1 urls, producing 3 keys and 10 values 
00:47:04:712  WARN 36024 --- [main] org.reflections.Reflections              : given scan urls are empty. set urls in the configuration
00:47:04:720  INFO 36024 --- [main] org.reflections.Reflections              : Reflections took 8 ms to scan 1 urls, producing 1 keys and 5 values 
00:47:04:731  INFO 36024 --- [main] org.reflections.Reflections              : Reflections took 7 ms to scan 1 urls, producing 1 keys and 7 values 
00:47:04:743  INFO 36024 --- [main] org.reflections.Reflections              : Reflections took 8 ms to scan 1 urls, producing 2 keys and 8 values 
00:47:04:746  WARN 36024 --- [main] org.reflections.Reflections              : given scan urls are empty. set urls in the configuration
00:47:04:749  INFO 36024 --- [main] com.alibaba.nacos.common.remote.client   : [772e4fd1-9b04-4961-87b6-e2f0e6f7b866] RpcClient init label, labels = {module=naming, source=sdk}
00:47:04:750  INFO 36024 --- [main] com.alibaba.nacos.common.remote.client   : [772e4fd1-9b04-4961-87b6-e2f0e6f7b866] RpcClient init, ServerListFactory = com.alibaba.nacos.client.naming.core.ServerListManager
00:47:04:751  INFO 36024 --- [main] com.alibaba.nacos.common.remote.client   : [772e4fd1-9b04-4961-87b6-e2f0e6f7b866] Registry connection listener to current client:com.alibaba.nacos.client.naming.remote.gprc.redo.NamingGrpcRedoService
00:47:04:752  INFO 36024 --- [main] com.alibaba.nacos.common.remote.client   : [772e4fd1-9b04-4961-87b6-e2f0e6f7b866] Register server push request handler:com.alibaba.nacos.client.naming.remote.gprc.NamingPushRequestHandler
00:47:04:754  INFO 36024 --- [main] com.alibaba.nacos.common.remote.client   : [772e4fd1-9b04-4961-87b6-e2f0e6f7b866] Try to connect to server on start up, server: {serverIp = '192.168.238.145', server main port = 8848}
00:47:06:331  INFO 36024 --- [main] com.alibaba.nacos.common.remote.client   : [772e4fd1-9b04-4961-87b6-e2f0e6f7b866] Success to connect to server [192.168.238.145:8848] on start up, connectionId = 1710089227154_192.168.238.1_2207
00:47:06:332  INFO 36024 --- [com.alibaba.nacos.client.remote.worker] com.alibaba.nacos.common.remote.client   : [772e4fd1-9b04-4961-87b6-e2f0e6f7b866] Notify connected event to listeners.
00:47:06:333  INFO 36024 --- [main] com.alibaba.nacos.common.remote.client   : [772e4fd1-9b04-4961-87b6-e2f0e6f7b866] Register server push request handler:com.alibaba.nacos.common.remote.client.RpcClient$ConnectResetRequestHandler
00:47:06:334  INFO 36024 --- [main] com.alibaba.nacos.common.remote.client   : [772e4fd1-9b04-4961-87b6-e2f0e6f7b866] Register server push request handler:com.alibaba.nacos.common.remote.client.RpcClient$$Lambda$991/0x00000005d2b13040
00:47:06:399  INFO 36024 --- [main] o.s.b.w.embedded.tomcat.TomcatWebServer  : Tomcat started on port(s): 8082 (http) with context path ''
00:47:06:412  INFO 36024 --- [main] c.a.c.n.registry.NacosServiceRegistry    : nacos registry, DEFAULT_GROUP cart-service 192.168.238.1:8082 register finished
00:47:06:673  INFO 36024 --- [main] d.s.w.p.DocumentationPluginsBootstrapper : Documentation plugins bootstrapped
00:47:06:676  INFO 36024 --- [main] d.s.w.p.DocumentationPluginsBootstrapper : Found 1 custom documentation plugin(s)
00:47:06:706  INFO 36024 --- [main] s.d.s.w.s.ApiListingReferenceScanner     : Scanning for api listing references
00:47:06:810  INFO 36024 --- [main] com.hmall.cart.CartApplication           : Started CartApplication in 7.699 seconds (JVM running for 8.791)
00:47:06:925  INFO 36024 --- [nacos-grpc-client-executor-9] com.alibaba.nacos.common.remote.client   : [772e4fd1-9b04-4961-87b6-e2f0e6f7b866] Receive server push request, request = NotifySubscriberRequest, requestId = 8
00:47:06:932  INFO 36024 --- [nacos-grpc-client-executor-9] com.alibaba.nacos.common.remote.client   : [772e4fd1-9b04-4961-87b6-e2f0e6f7b866] Ack server push request, request = NotifySubscriberRequest, requestId = 8
00:58:27:188  INFO 36024 --- [http-nio-8082-exec-1] o.a.c.c.C.[Tomcat].[localhost].[/]       : Initializing Spring DispatcherServlet 'dispatcherServlet'
00:58:27:188  INFO 36024 --- [http-nio-8082-exec-1] o.s.web.servlet.DispatcherServlet        : Initializing Servlet 'dispatcherServlet'
00:58:27:191  INFO 36024 --- [http-nio-8082-exec-1] o.s.web.servlet.DispatcherServlet        : Completed initialization in 2 ms
00:58:27:588  INFO 36024 --- [http-nio-8082-exec-1] com.zaxxer.hikari.HikariDataSource       : HikariPool-1 - Starting...
00:58:28:070  INFO 36024 --- [http-nio-8082-exec-1] com.zaxxer.hikari.HikariDataSource       : HikariPool-1 - Start completed.
00:58:28:084 DEBUG 36024 --- [http-nio-8082-exec-1] c.h.cart.mapper.CartMapper.selectList    : ==>  Preparing: SELECT id,user_id,item_id,num,name,spec,price,image,create_time,update_time FROM cart WHERE (user_id = ?)
00:58:28:118 DEBUG 36024 --- [http-nio-8082-exec-1] c.h.cart.mapper.CartMapper.selectList    : ==> Parameters: 1(Long)
00:58:28:161 DEBUG 36024 --- [http-nio-8082-exec-1] c.h.cart.mapper.CartMapper.selectList    : <==      Total: 1
00:58:29:113  INFO 36024 --- [nacos-grpc-client-executor-166] com.alibaba.nacos.common.remote.client   : [772e4fd1-9b04-4961-87b6-e2f0e6f7b866] Receive server push request, request = NotifySubscriberRequest, requestId = 9
00:58:29:115  INFO 36024 --- [nacos-grpc-client-executor-166] com.alibaba.nacos.common.remote.client   : [772e4fd1-9b04-4961-87b6-e2f0e6f7b866] Ack server push request, request = NotifySubscriberRequest, requestId = 9
00:58:32:124 DEBUG 36024 --- [http-nio-8082-exec-2] c.h.cart.mapper.CartMapper.selectList    : ==>  Preparing: SELECT id,user_id,item_id,num,name,spec,price,image,create_time,update_time FROM cart WHERE (user_id = ?)
00:58:32:125 DEBUG 36024 --- [http-nio-8082-exec-2] c.h.cart.mapper.CartMapper.selectList    : ==> Parameters: 1(Long)
00:58:32:130 DEBUG 36024 --- [http-nio-8082-exec-2] c.h.cart.mapper.CartMapper.selectList    : <==      Total: 1
00:58:33:813 DEBUG 36024 --- [http-nio-8082-exec-4] c.h.cart.mapper.CartMapper.selectList    : ==>  Preparing: SELECT id,user_id,item_id,num,name,spec,price,image,create_time,update_time FROM cart WHERE (user_id = ?)
00:58:33:813 DEBUG 36024 --- [http-nio-8082-exec-4] c.h.cart.mapper.CartMapper.selectList    : ==> Parameters: 1(Long)
00:58:33:818 DEBUG 36024 --- [http-nio-8082-exec-4] c.h.cart.mapper.CartMapper.selectList    : <==      Total: 1
